Fitter Place Stage Report for Entropy_encoding
Sun May 26 11:36:42 2019
Quartus Prime Version 17.1.0 Build 240 10/25/2017 SJ Pro Edition


---------------------
; Table of Contents ;
---------------------
  1. Legal Notice
  2. Fitter Resource Usage Summary
  3. Fitter Resource Utilization by Entity
  4. Global & Other Fast Signals Summary
  5. Global & Other Fast Signals Details
  6. Fitter DSP Block Usage Summary
  7. Place Messages



----------------
; Legal Notice ;
----------------
Copyright (C) 2017  Intel Corporation. All rights reserved.
Your use of Intel Corporation's design tools, logic functions 
and other software and tools, and its AMPP partner logic 
functions, and any output files from any of the foregoing 
(including device programming or simulation files), and any 
associated documentation or information are expressly subject 
to the terms and conditions of the Intel Program License 
Subscription Agreement, the Intel Quartus Prime License Agreement,
the Intel FPGA IP License Agreement, or other applicable license
agreement, including, without limitation, that your use is for
the sole purpose of programming logic devices manufactured by
Intel and sold by Intel or its authorized distributors.  Please
refer to the applicable agreement for further details.



+------------------------------------------------------------------------------------------+
; Fitter Resource Usage Summary                                                            ;
+-------------------------------------------------------------+--------------------+-------+
; Resource                                                    ; Usage              ; %     ;
+-------------------------------------------------------------+--------------------+-------+
; Logic utilization (ALMs needed / total ALMs on device)      ; 33,122 / 933,120   ; 4 %   ;
; ALMs needed [=A-B+C]                                        ; 33,122             ;       ;
;     [A] ALMs used in final placement [=a+b+c+d]             ; 28,063 / 933,120   ; 3 %   ;
;         [a] ALMs used for LUT logic and register circuitry  ; 17,797             ;       ;
;         [b] ALMs used for LUT logic                         ; 4,380              ;       ;
;         [c] ALMs used for register circuitry                ; 5,886              ;       ;
;         [d] ALMs used for memory (up to half of total ALMs) ; 0                  ;       ;
;     [B] Estimate of ALMs recoverable by dense packing       ; 4,273 / 933,120    ; < 1 % ;
;     [C] Estimate of ALMs unavailable [=a+b+c+d]             ; 9,332 / 933,120    ; 1 %   ;
;         [a] Due to location constrained logic               ; 1                  ;       ;
;         [b] Due to LAB-wide signal conflicts                ; 1                  ;       ;
;         [c] Due to LAB input limits                         ; 4                  ;       ;
;         [d] Due to virtual I/Os                             ; 9,326              ;       ;
;                                                             ;                    ;       ;
; Difficulty packing design                                   ; Low                ;       ;
;                                                             ;                    ;       ;
; Total LABs:  partially or completely used                   ; 4,446 / 93,312     ; 5 %   ;
;     -- Logic LABs                                           ; 4,446              ;       ;
;     -- Memory LABs (up to half of total LABs)               ; 0                  ;       ;
;                                                             ;                    ;       ;
; Combinational ALUT usage for logic                          ; 44,353             ;       ;
;     -- 8 input functions                                    ; 0                  ;       ;
;     -- 7 input functions                                    ; 0                  ;       ;
;     -- 6 input functions                                    ; 0                  ;       ;
;     -- 5 input functions                                    ; 0                  ;       ;
;     -- 4 input functions                                    ; 0                  ;       ;
;     -- <=3 input functions                                  ; 44,353             ;       ;
; Combinational ALUT usage for route-throughs                 ; 5,297              ;       ;
;                                                             ;                    ;       ;
; Dedicated logic registers                                   ; 48,184             ;       ;
;     -- By type:                                             ;                    ;       ;
;         -- LAB logic registers:                             ;                    ;       ;
;             -- Primary logic registers                      ; 47,364 / 1,866,240 ; 3 %   ;
;             -- Secondary logic registers                    ; 820 / 1,866,240    ; < 1 % ;
;         -- Hyper-Registers:                                 ; 0                  ;       ;
;                                                             ;                    ;       ;
; Register control circuitry for power estimation             ; 0                  ;       ;
;                                                             ;                    ;       ;
; ALMs adjustment for power estimation                        ; 3,824              ;       ;
;                                                             ;                    ;       ;
; I/O pins                                                    ; 0 / 1,152          ; 0 %   ;
;     -- Clock pins                                           ; 0 / 88             ; 0 %   ;
;     -- Dedicated input pins                                 ; 3 / 198            ; 2 %   ;
;                                                             ;                    ;       ;
; Hard processor system peripheral utilization                ;                    ;       ;
;     -- Clock resets                                         ; 0 / 1 ( 0 % )      ;       ;
;     -- Cross trigger                                        ; 0 / 1 ( 0 % )      ;       ;
;     -- S2F AXI                                              ; 0 / 1 ( 0 % )      ;       ;
;     -- F2S AXI                                              ; 0 / 1 ( 0 % )      ;       ;
;     -- AXI Lightweight                                      ; 0 / 1 ( 0 % )      ;       ;
;     -- SDRAM                                                ; 0 / 1 ( 0 % )      ;       ;
;     -- Interrupts                                           ; 0 / 1 ( 0 % )      ;       ;
;     -- JTAG                                                 ; 0 / 1 ( 0 % )      ;       ;
;     -- Loan I/O                                             ; 0 / 1 ( 0 % )      ;       ;
;     -- MPU event standby                                    ; 0 / 1 ( 0 % )      ;       ;
;     -- MPU general purpose                                  ; 0 / 1 ( 0 % )      ;       ;
;     -- TPIU trace                                           ; 0 / 1 ( 0 % )      ;       ;
;     -- DMA                                                  ; 0 / 1 ( 0 % )      ;       ;
;     -- EMAC                                                 ; 0 / 3 ( 0 % )      ;       ;
;     -- I2C                                                  ; 0 / 5 ( 0 % )      ;       ;
;     -- NAND Flash                                           ; 0 / 1 ( 0 % )      ;       ;
;     -- SDMMC                                                ; 0 / 1 ( 0 % )      ;       ;
;     -- SPI Master                                           ; 0 / 2 ( 0 % )      ;       ;
;     -- SPI Slave                                            ; 0 / 2 ( 0 % )      ;       ;
;     -- UART                                                 ; 0 / 2 ( 0 % )      ;       ;
;                                                             ;                    ;       ;
; M20K blocks                                                 ; 0 / 11,721         ; 0 %   ;
; Total MLAB memory bits                                      ; 0                  ;       ;
; Total block memory bits                                     ; 0 / 240,046,080    ; 0 %   ;
; Total block memory implementation bits                      ; 0 / 240,046,080    ; 0 %   ;
;                                                             ;                    ;       ;
; Total DSP Blocks                                            ; 2,240 / 5,760      ; 39 %  ;
;     -- Total Fixed Point DSP Blocks                         ; 2240               ;       ;
;     -- Total Floating Point DSP Blocks                      ; 0                  ;       ;
;                                                             ;                    ;       ;
; IOPLLs                                                      ; 0 / 24             ; 0 %   ;
; Global signals                                              ; 1                  ;       ;
; Impedance control blocks                                    ; 0 / 24             ; 0 %   ;
; Maximum fan-out                                             ; 49080              ;       ;
; Highest non-global fan-out                                  ; 188                ;       ;
; Total fan-out                                               ; 269948             ;       ;
; Average fan-out                                             ; 2.38               ;       ;
+-------------------------------------------------------------+--------------------+-------+


+---------------------------------------------------------------------------------------------------------------------------------------------------------------------------------------------------------------------------------------------------------------------------------------------------------------------------------------------------------------------------------------+
; Fitter Resource Utilization by Entity                                                                                                                                                                                                                                                                                                                                                 ;
+----------------------------+----------------------+----------------------------------+---------------------------------------------------+----------------------------------+----------------------+---------------------+---------------------------+---------------+-------------------+-------+------------+------+--------+---------------------+------------------+--------------+
; Compilation Hierarchy Node ; ALMs needed [=A-B+C] ; [A] ALMs used in final placement ; [B] Estimate of ALMs recoverable by dense packing ; [C] Estimate of ALMs unavailable ; ALMs used for memory ; Combinational ALUTs ; Dedicated Logic Registers ; I/O Registers ; Block Memory Bits ; M20Ks ; DSP Blocks ; Pins ; IOPLLs ; Full Hierarchy Name ; Entity Name      ; Library Name ;
+----------------------------+----------------------+----------------------------------+---------------------------------------------------+----------------------------------+----------------------+---------------------+---------------------------+---------------+-------------------+-------+------------+------+--------+---------------------+------------------+--------------+
; |                          ; 33117.5 (9327.1)     ; 28062.0 (1.8)                    ; 4270.5 (0.2)                                      ; 9326.0 (9325.5)                  ; 0.0 (0.0)            ; 44353 (1)           ; 48184 (5)                 ; 0 (0)         ; 0                 ; 0     ; 2240       ; 0    ; 0 (0)  ; |                   ; Entropy_encoding ; altera_work  ;
;    |CL64|                  ; 23790.4 (989.8)      ; 28060.2 (1014.5)                 ; 4270.3 (25.2)                                     ; 0.5 (0.5)                        ; 0.0 (0.0)            ; 44352 (2464)        ; 48179 (1375)              ; 0 (0)         ; 0                 ; 0     ; 2240       ; 0    ; 0 (0)  ; CL64                ; ConvLayer1_128   ; altera_work  ;
;       |CL01|               ; 216.7 (216.7)        ; 264.2 (264.2)                    ; 47.5 (47.5)                                       ; 0.0 (0.0)                        ; 0.0 (0.0)            ; 374 (374)           ; 455 (455)                 ; 0 (0)         ; 0                 ; 0     ; 20         ; 0    ; 0 (0)  ; CL64|CL01           ; ConvLayer1       ; altera_work  ;
;       |CL02|               ; 205.2 (205.2)        ; 245.5 (245.5)                    ; 40.3 (40.3)                                       ; 0.0 (0.0)                        ; 0.0 (0.0)            ; 374 (374)           ; 415 (415)                 ; 0 (0)         ; 0                 ; 0     ; 20         ; 0    ; 0 (0)  ; CL64|CL02           ; ConvLayer1       ; altera_work  ;
;       |CL03|               ; 206.5 (206.5)        ; 258.7 (258.7)                    ; 52.3 (52.3)                                       ; 0.0 (0.0)                        ; 0.0 (0.0)            ; 374 (374)           ; 437 (437)                 ; 0 (0)         ; 0                 ; 0     ; 20         ; 0    ; 0 (0)  ; CL64|CL03           ; ConvLayer1       ; altera_work  ;
;       |CL05|               ; 205.2 (205.2)        ; 240.5 (240.5)                    ; 35.3 (35.3)                                       ; 0.0 (0.0)                        ; 0.0 (0.0)            ; 374 (374)           ; 421 (421)                 ; 0 (0)         ; 0                 ; 0     ; 20         ; 0    ; 0 (0)  ; CL64|CL05           ; ConvLayer1       ; altera_work  ;
;       |CL06|               ; 199.8 (199.8)        ; 236.5 (236.5)                    ; 36.7 (36.7)                                       ; 0.0 (0.0)                        ; 0.0 (0.0)            ; 374 (374)           ; 399 (399)                 ; 0 (0)         ; 0                 ; 0     ; 20         ; 0    ; 0 (0)  ; CL64|CL06           ; ConvLayer1       ; altera_work  ;
;       |CL07|               ; 205.4 (205.4)        ; 243.5 (243.5)                    ; 38.1 (38.1)                                       ; 0.0 (0.0)                        ; 0.0 (0.0)            ; 374 (374)           ; 419 (419)                 ; 0 (0)         ; 0                 ; 0     ; 20         ; 0    ; 0 (0)  ; CL64|CL07           ; ConvLayer1       ; altera_work  ;
;       |CL09|               ; 205.8 (205.8)        ; 237.0 (237.0)                    ; 31.2 (31.2)                                       ; 0.0 (0.0)                        ; 0.0 (0.0)            ; 374 (374)           ; 421 (421)                 ; 0 (0)         ; 0                 ; 0     ; 20         ; 0    ; 0 (0)  ; CL64|CL09           ; ConvLayer1       ; altera_work  ;
;       |CL10|               ; 202.9 (202.9)        ; 245.5 (245.5)                    ; 42.6 (42.6)                                       ; 0.0 (0.0)                        ; 0.0 (0.0)            ; 374 (374)           ; 415 (415)                 ; 0 (0)         ; 0                 ; 0     ; 20         ; 0    ; 0 (0)  ; CL64|CL10           ; ConvLayer1       ; altera_work  ;
;       |CL100|              ; 205.7 (205.7)        ; 238.9 (238.9)                    ; 33.2 (33.2)                                       ; 0.0 (0.0)                        ; 0.0 (0.0)            ; 374 (374)           ; 419 (419)                 ; 0 (0)         ; 0                 ; 0     ; 20         ; 0    ; 0 (0)  ; CL64|CL100          ; ConvLayer1       ; altera_work  ;
;       |CL101|              ; 220.6 (220.6)        ; 269.5 (269.5)                    ; 48.9 (48.9)                                       ; 0.0 (0.0)                        ; 0.0 (0.0)            ; 374 (374)           ; 474 (474)                 ; 0 (0)         ; 0                 ; 0     ; 20         ; 0    ; 0 (0)  ; CL64|CL101          ; ConvLayer1       ; altera_work  ;
;       |CL102|              ; 199.0 (199.0)        ; 234.5 (234.5)                    ; 35.5 (35.5)                                       ; 0.0 (0.0)                        ; 0.0 (0.0)            ; 374 (374)           ; 399 (399)                 ; 0 (0)         ; 0                 ; 0     ; 20         ; 0    ; 0 (0)  ; CL64|CL102          ; ConvLayer1       ; altera_work  ;
;       |CL103|              ; 205.5 (205.5)        ; 233.8 (233.8)                    ; 28.2 (28.2)                                       ; 0.0 (0.0)                        ; 0.0 (0.0)            ; 374 (374)           ; 420 (420)                 ; 0 (0)         ; 0                 ; 0     ; 20         ; 0    ; 0 (0)  ; CL64|CL103          ; ConvLayer1       ; altera_work  ;
;       |CL104|              ; 201.2 (201.2)        ; 250.0 (250.0)                    ; 48.8 (48.8)                                       ; 0.0 (0.0)                        ; 0.0 (0.0)            ; 374 (374)           ; 417 (417)                 ; 0 (0)         ; 0                 ; 0     ; 20         ; 0    ; 0 (0)  ; CL64|CL104          ; ConvLayer1       ; altera_work  ;
;       |CL105|              ; 199.3 (199.3)        ; 230.5 (230.5)                    ; 31.2 (31.2)                                       ; 0.0 (0.0)                        ; 0.0 (0.0)            ; 374 (374)           ; 399 (399)                 ; 0 (0)         ; 0                 ; 0     ; 20         ; 0    ; 0 (0)  ; CL64|CL105          ; ConvLayer1       ; altera_work  ;
;       |CL106|              ; 205.9 (205.9)        ; 236.5 (236.5)                    ; 30.6 (30.6)                                       ; 0.0 (0.0)                        ; 0.0 (0.0)            ; 374 (374)           ; 421 (421)                 ; 0 (0)         ; 0                 ; 0     ; 20         ; 0    ; 0 (0)  ; CL64|CL106          ; ConvLayer1       ; altera_work  ;
;       |CL107|              ; 204.1 (204.1)        ; 238.2 (238.2)                    ; 34.1 (34.1)                                       ; 0.0 (0.0)                        ; 0.0 (0.0)            ; 374 (374)           ; 420 (420)                 ; 0 (0)         ; 0                 ; 0     ; 20         ; 0    ; 0 (0)  ; CL64|CL107          ; ConvLayer1       ; altera_work  ;
;       |CL108|              ; 197.8 (197.8)        ; 233.5 (233.5)                    ; 35.7 (35.7)                                       ; 0.0 (0.0)                        ; 0.0 (0.0)            ; 374 (374)           ; 399 (399)                 ; 0 (0)         ; 0                 ; 0     ; 20         ; 0    ; 0 (0)  ; CL64|CL108          ; ConvLayer1       ; altera_work  ;
;       |CL109|              ; 202.2 (202.2)        ; 238.0 (238.0)                    ; 35.8 (35.8)                                       ; 0.0 (0.0)                        ; 0.0 (0.0)            ; 374 (374)           ; 421 (421)                 ; 0 (0)         ; 0                 ; 0     ; 20         ; 0    ; 0 (0)  ; CL64|CL109          ; ConvLayer1       ; altera_work  ;
;       |CL11|               ; 211.7 (211.7)        ; 246.0 (246.0)                    ; 34.3 (34.3)                                       ; 0.0 (0.0)                        ; 0.0 (0.0)            ; 374 (374)           ; 437 (437)                 ; 0 (0)         ; 0                 ; 0     ; 20         ; 0    ; 0 (0)  ; CL64|CL11           ; ConvLayer1       ; altera_work  ;
;       |CL110|              ; 196.7 (196.7)        ; 231.5 (231.5)                    ; 34.8 (34.8)                                       ; 0.0 (0.0)                        ; 0.0 (0.0)            ; 374 (374)           ; 399 (399)                 ; 0 (0)         ; 0                 ; 0     ; 20         ; 0    ; 0 (0)  ; CL64|CL110          ; ConvLayer1       ; altera_work  ;
;       |CL111|              ; 223.4 (223.4)        ; 274.7 (274.7)                    ; 51.4 (51.4)                                       ; 0.0 (0.0)                        ; 0.0 (0.0)            ; 374 (374)           ; 474 (474)                 ; 0 (0)         ; 0                 ; 0     ; 20         ; 0    ; 0 (0)  ; CL64|CL111          ; ConvLayer1       ; altera_work  ;
;       |CL112|              ; 196.4 (196.4)        ; 234.0 (234.0)                    ; 37.6 (37.6)                                       ; 0.0 (0.0)                        ; 0.0 (0.0)            ; 374 (374)           ; 399 (399)                 ; 0 (0)         ; 0                 ; 0     ; 20         ; 0    ; 0 (0)  ; CL64|CL112          ; ConvLayer1       ; altera_work  ;
;       |CL113|              ; 203.3 (203.3)        ; 240.0 (240.0)                    ; 36.7 (36.7)                                       ; 0.0 (0.0)                        ; 0.0 (0.0)            ; 374 (374)           ; 421 (421)                 ; 0 (0)         ; 0                 ; 0     ; 20         ; 0    ; 0 (0)  ; CL64|CL113          ; ConvLayer1       ; altera_work  ;
;       |CL114|              ; 196.4 (196.4)        ; 236.0 (236.0)                    ; 39.6 (39.6)                                       ; 0.0 (0.0)                        ; 0.0 (0.0)            ; 374 (374)           ; 399 (399)                 ; 0 (0)         ; 0                 ; 0     ; 20         ; 0    ; 0 (0)  ; CL64|CL114          ; ConvLayer1       ; altera_work  ;
;       |CL115|              ; 200.9 (200.9)        ; 240.2 (240.2)                    ; 39.4 (39.4)                                       ; 0.0 (0.0)                        ; 0.0 (0.0)            ; 374 (374)           ; 420 (420)                 ; 0 (0)         ; 0                 ; 0     ; 20         ; 0    ; 0 (0)  ; CL64|CL115          ; ConvLayer1       ; altera_work  ;
;       |CL116|              ; 200.3 (200.3)        ; 235.5 (235.5)                    ; 35.2 (35.2)                                       ; 0.0 (0.0)                        ; 0.0 (0.0)            ; 374 (374)           ; 399 (399)                 ; 0 (0)         ; 0                 ; 0     ; 20         ; 0    ; 0 (0)  ; CL64|CL116          ; ConvLayer1       ; altera_work  ;
;       |CL117|              ; 210.4 (210.4)        ; 254.5 (254.5)                    ; 44.1 (44.1)                                       ; 0.0 (0.0)                        ; 0.0 (0.0)            ; 374 (374)           ; 439 (439)                 ; 0 (0)         ; 0                 ; 0     ; 20         ; 0    ; 0 (0)  ; CL64|CL117          ; ConvLayer1       ; altera_work  ;
;       |CL118|              ; 196.2 (196.2)        ; 232.0 (232.0)                    ; 35.8 (35.8)                                       ; 0.0 (0.0)                        ; 0.0 (0.0)            ; 374 (374)           ; 399 (399)                 ; 0 (0)         ; 0                 ; 0     ; 20         ; 0    ; 0 (0)  ; CL64|CL118          ; ConvLayer1       ; altera_work  ;
;       |CL119|              ; 202.6 (202.6)        ; 239.7 (239.7)                    ; 37.1 (37.1)                                       ; 0.0 (0.0)                        ; 0.0 (0.0)            ; 374 (374)           ; 420 (420)                 ; 0 (0)         ; 0                 ; 0     ; 20         ; 0    ; 0 (0)  ; CL64|CL119          ; ConvLayer1       ; altera_work  ;
;       |CL120|              ; 199.3 (199.3)        ; 233.0 (233.0)                    ; 33.7 (33.7)                                       ; 0.0 (0.0)                        ; 0.0 (0.0)            ; 374 (374)           ; 399 (399)                 ; 0 (0)         ; 0                 ; 0     ; 20         ; 0    ; 0 (0)  ; CL64|CL120          ; ConvLayer1       ; altera_work  ;
;       |CL121|              ; 204.1 (204.1)        ; 238.5 (238.5)                    ; 34.4 (34.4)                                       ; 0.0 (0.0)                        ; 0.0 (0.0)            ; 374 (374)           ; 421 (421)                 ; 0 (0)         ; 0                 ; 0     ; 20         ; 0    ; 0 (0)  ; CL64|CL121          ; ConvLayer1       ; altera_work  ;
;       |CL122|              ; 206.8 (206.8)        ; 245.5 (245.5)                    ; 38.7 (38.7)                                       ; 0.0 (0.0)                        ; 0.0 (0.0)            ; 374 (374)           ; 415 (415)                 ; 0 (0)         ; 0                 ; 0     ; 20         ; 0    ; 0 (0)  ; CL64|CL122          ; ConvLayer1       ; altera_work  ;
;       |CL123|              ; 199.4 (199.4)        ; 240.2 (240.2)                    ; 40.8 (40.8)                                       ; 0.0 (0.0)                        ; 0.0 (0.0)            ; 374 (374)           ; 420 (420)                 ; 0 (0)         ; 0                 ; 0     ; 20         ; 0    ; 0 (0)  ; CL64|CL123          ; ConvLayer1       ; altera_work  ;
;       |CL124|              ; 196.3 (196.3)        ; 234.0 (234.0)                    ; 37.7 (37.7)                                       ; 0.0 (0.0)                        ; 0.0 (0.0)            ; 374 (374)           ; 399 (399)                 ; 0 (0)         ; 0                 ; 0     ; 20         ; 0    ; 0 (0)  ; CL64|CL124          ; ConvLayer1       ; altera_work  ;
;       |CL125|              ; 202.3 (202.3)        ; 241.5 (241.5)                    ; 39.2 (39.2)                                       ; 0.0 (0.0)                        ; 0.0 (0.0)            ; 374 (374)           ; 421 (421)                 ; 0 (0)         ; 0                 ; 0     ; 20         ; 0    ; 0 (0)  ; CL64|CL125          ; ConvLayer1       ; altera_work  ;
;       |CL126|              ; 201.1 (201.1)        ; 232.0 (232.0)                    ; 30.9 (30.9)                                       ; 0.0 (0.0)                        ; 0.0 (0.0)            ; 374 (374)           ; 399 (399)                 ; 0 (0)         ; 0                 ; 0     ; 20         ; 0    ; 0 (0)  ; CL64|CL126          ; ConvLayer1       ; altera_work  ;
;       |CL127|              ; 204.2 (204.2)        ; 242.5 (242.5)                    ; 38.3 (38.3)                                       ; 0.0 (0.0)                        ; 0.0 (0.0)            ; 374 (374)           ; 419 (419)                 ; 0 (0)         ; 0                 ; 0     ; 20         ; 0    ; 0 (0)  ; CL64|CL127          ; ConvLayer1       ; altera_work  ;
;       |CL128|              ; 201.7 (201.7)        ; 242.7 (242.7)                    ; 41.1 (41.1)                                       ; 0.0 (0.0)                        ; 0.0 (0.0)            ; 374 (374)           ; 419 (419)                 ; 0 (0)         ; 0                 ; 0     ; 20         ; 0    ; 0 (0)  ; CL64|CL128          ; ConvLayer1       ; altera_work  ;
;       |CL13|               ; 198.1 (198.1)        ; 234.5 (234.5)                    ; 36.4 (36.4)                                       ; 0.0 (0.0)                        ; 0.0 (0.0)            ; 374 (374)           ; 399 (399)                 ; 0 (0)         ; 0                 ; 0     ; 20         ; 0    ; 0 (0)  ; CL64|CL13           ; ConvLayer1       ; altera_work  ;
;       |CL14|               ; 203.5 (203.5)        ; 239.0 (239.0)                    ; 35.5 (35.5)                                       ; 0.0 (0.0)                        ; 0.0 (0.0)            ; 374 (374)           ; 421 (421)                 ; 0 (0)         ; 0                 ; 0     ; 20         ; 0    ; 0 (0)  ; CL64|CL14           ; ConvLayer1       ; altera_work  ;
;       |CL15|               ; 204.0 (204.0)        ; 237.5 (237.5)                    ; 33.5 (33.5)                                       ; 0.0 (0.0)                        ; 0.0 (0.0)            ; 374 (374)           ; 419 (419)                 ; 0 (0)         ; 0                 ; 0     ; 20         ; 0    ; 0 (0)  ; CL64|CL15           ; ConvLayer1       ; altera_work  ;
;       |CL17|               ; 202.8 (202.8)        ; 239.0 (239.0)                    ; 36.2 (36.2)                                       ; 0.0 (0.0)                        ; 0.0 (0.0)            ; 374 (374)           ; 419 (419)                 ; 0 (0)         ; 0                 ; 0     ; 20         ; 0    ; 0 (0)  ; CL64|CL17           ; ConvLayer1       ; altera_work  ;
;       |CL18|               ; 203.4 (203.4)        ; 243.5 (243.5)                    ; 40.1 (40.1)                                       ; 0.0 (0.0)                        ; 0.0 (0.0)            ; 374 (374)           ; 419 (419)                 ; 0 (0)         ; 0                 ; 0     ; 20         ; 0    ; 0 (0)  ; CL64|CL18           ; ConvLayer1       ; altera_work  ;
;       |CL19|               ; 210.8 (210.8)        ; 251.0 (251.0)                    ; 40.2 (40.2)                                       ; 0.0 (0.0)                        ; 0.0 (0.0)            ; 374 (374)           ; 435 (435)                 ; 0 (0)         ; 0                 ; 0     ; 20         ; 0    ; 0 (0)  ; CL64|CL19           ; ConvLayer1       ; altera_work  ;
;       |CL21|               ; 204.5 (204.5)        ; 238.0 (238.0)                    ; 33.5 (33.5)                                       ; 0.0 (0.0)                        ; 0.0 (0.0)            ; 374 (374)           ; 421 (421)                 ; 0 (0)         ; 0                 ; 0     ; 20         ; 0    ; 0 (0)  ; CL64|CL21           ; ConvLayer1       ; altera_work  ;
;       |CL22|               ; 199.0 (199.0)        ; 234.5 (234.5)                    ; 35.5 (35.5)                                       ; 0.0 (0.0)                        ; 0.0 (0.0)            ; 374 (374)           ; 399 (399)                 ; 0 (0)         ; 0                 ; 0     ; 20         ; 0    ; 0 (0)  ; CL64|CL22           ; ConvLayer1       ; altera_work  ;
;       |CL23|               ; 203.2 (203.2)        ; 240.5 (240.5)                    ; 37.3 (37.3)                                       ; 0.0 (0.0)                        ; 0.0 (0.0)            ; 374 (374)           ; 419 (419)                 ; 0 (0)         ; 0                 ; 0     ; 20         ; 0    ; 0 (0)  ; CL64|CL23           ; ConvLayer1       ; altera_work  ;
;       |CL25|               ; 204.1 (204.1)        ; 240.0 (240.0)                    ; 35.9 (35.9)                                       ; 0.0 (0.0)                        ; 0.0 (0.0)            ; 374 (374)           ; 421 (421)                 ; 0 (0)         ; 0                 ; 0     ; 20         ; 0    ; 0 (0)  ; CL64|CL25           ; ConvLayer1       ; altera_work  ;
;       |CL26|               ; 194.7 (194.7)        ; 234.0 (234.0)                    ; 39.3 (39.3)                                       ; 0.0 (0.0)                        ; 0.0 (0.0)            ; 374 (374)           ; 399 (399)                 ; 0 (0)         ; 0                 ; 0     ; 20         ; 0    ; 0 (0)  ; CL64|CL26           ; ConvLayer1       ; altera_work  ;
;       |CL27|               ; 202.3 (202.3)        ; 243.0 (243.0)                    ; 40.7 (40.7)                                       ; 0.0 (0.0)                        ; 0.0 (0.0)            ; 374 (374)           ; 419 (419)                 ; 0 (0)         ; 0                 ; 0     ; 20         ; 0    ; 0 (0)  ; CL64|CL27           ; ConvLayer1       ; altera_work  ;
;       |CL29|               ; 200.7 (200.7)        ; 228.0 (228.0)                    ; 27.3 (27.3)                                       ; 0.0 (0.0)                        ; 0.0 (0.0)            ; 374 (374)           ; 399 (399)                 ; 0 (0)         ; 0                 ; 0     ; 20         ; 0    ; 0 (0)  ; CL64|CL29           ; ConvLayer1       ; altera_work  ;
;       |CL30|               ; 206.1 (206.1)        ; 236.5 (236.5)                    ; 30.4 (30.4)                                       ; 0.0 (0.0)                        ; 0.0 (0.0)            ; 374 (374)           ; 421 (421)                 ; 0 (0)         ; 0                 ; 0     ; 20         ; 0    ; 0 (0)  ; CL64|CL30           ; ConvLayer1       ; altera_work  ;
;       |CL31|               ; 201.4 (201.4)        ; 241.5 (241.5)                    ; 40.1 (40.1)                                       ; 0.0 (0.0)                        ; 0.0 (0.0)            ; 374 (374)           ; 419 (419)                 ; 0 (0)         ; 0                 ; 0     ; 20         ; 0    ; 0 (0)  ; CL64|CL31           ; ConvLayer1       ; altera_work  ;
;       |CL33|               ; 204.8 (204.8)        ; 240.5 (240.5)                    ; 35.7 (35.7)                                       ; 0.0 (0.0)                        ; 0.0 (0.0)            ; 374 (374)           ; 421 (421)                 ; 0 (0)         ; 0                 ; 0     ; 20         ; 0    ; 0 (0)  ; CL64|CL33           ; ConvLayer1       ; altera_work  ;
;       |CL34|               ; 198.5 (198.5)        ; 235.0 (235.0)                    ; 36.5 (36.5)                                       ; 0.0 (0.0)                        ; 0.0 (0.0)            ; 374 (374)           ; 399 (399)                 ; 0 (0)         ; 0                 ; 0     ; 20         ; 0    ; 0 (0)  ; CL64|CL34           ; ConvLayer1       ; altera_work  ;
;       |CL35|               ; 200.2 (200.2)        ; 242.5 (242.5)                    ; 42.3 (42.3)                                       ; 0.0 (0.0)                        ; 0.0 (0.0)            ; 374 (374)           ; 419 (419)                 ; 0 (0)         ; 0                 ; 0     ; 20         ; 0    ; 0 (0)  ; CL64|CL35           ; ConvLayer1       ; altera_work  ;
;       |CL37|               ; 216.4 (216.4)        ; 273.5 (273.5)                    ; 57.1 (57.1)                                       ; 0.0 (0.0)                        ; 0.0 (0.0)            ; 374 (374)           ; 455 (455)                 ; 0 (0)         ; 0                 ; 0     ; 20         ; 0    ; 0 (0)  ; CL64|CL37           ; ConvLayer1       ; altera_work  ;
;       |CL38|               ; 206.2 (206.2)        ; 245.0 (245.0)                    ; 38.8 (38.8)                                       ; 0.0 (0.0)                        ; 0.0 (0.0)            ; 374 (374)           ; 415 (415)                 ; 0 (0)         ; 0                 ; 0     ; 20         ; 0    ; 0 (0)  ; CL64|CL38           ; ConvLayer1       ; altera_work  ;
;       |CL39|               ; 209.3 (209.3)        ; 257.5 (257.5)                    ; 48.2 (48.2)                                       ; 0.0 (0.0)                        ; 0.0 (0.0)            ; 374 (374)           ; 435 (435)                 ; 0 (0)         ; 0                 ; 0     ; 20         ; 0    ; 0 (0)  ; CL64|CL39           ; ConvLayer1       ; altera_work  ;
;       |CL41|               ; 197.7 (197.7)        ; 234.5 (234.5)                    ; 36.8 (36.8)                                       ; 0.0 (0.0)                        ; 0.0 (0.0)            ; 374 (374)           ; 399 (399)                 ; 0 (0)         ; 0                 ; 0     ; 20         ; 0    ; 0 (0)  ; CL64|CL41           ; ConvLayer1       ; altera_work  ;
;       |CL42|               ; 203.2 (203.2)        ; 238.5 (238.5)                    ; 35.3 (35.3)                                       ; 0.0 (0.0)                        ; 0.0 (0.0)            ; 374 (374)           ; 421 (421)                 ; 0 (0)         ; 0                 ; 0     ; 20         ; 0    ; 0 (0)  ; CL64|CL42           ; ConvLayer1       ; altera_work  ;
;       |CL43|               ; 220.6 (220.6)        ; 284.5 (284.5)                    ; 63.9 (63.9)                                       ; 0.0 (0.0)                        ; 0.0 (0.0)            ; 374 (374)           ; 471 (471)                 ; 0 (0)         ; 0                 ; 0     ; 20         ; 0    ; 0 (0)  ; CL64|CL43           ; ConvLayer1       ; altera_work  ;
;       |CL45|               ; 202.4 (202.4)        ; 243.5 (243.5)                    ; 41.1 (41.1)                                       ; 0.0 (0.0)                        ; 0.0 (0.0)            ; 374 (374)           ; 419 (419)                 ; 0 (0)         ; 0                 ; 0     ; 20         ; 0    ; 0 (0)  ; CL64|CL45           ; ConvLayer1       ; altera_work  ;
;       |CL46|               ; 203.1 (203.1)        ; 242.5 (242.5)                    ; 39.4 (39.4)                                       ; 0.0 (0.0)                        ; 0.0 (0.0)            ; 374 (374)           ; 419 (419)                 ; 0 (0)         ; 0                 ; 0     ; 20         ; 0    ; 0 (0)  ; CL64|CL46           ; ConvLayer1       ; altera_work  ;
;       |CL47|               ; 204.0 (204.0)        ; 243.0 (243.0)                    ; 39.0 (39.0)                                       ; 0.0 (0.0)                        ; 0.0 (0.0)            ; 374 (374)           ; 419 (419)                 ; 0 (0)         ; 0                 ; 0     ; 20         ; 0    ; 0 (0)  ; CL64|CL47           ; ConvLayer1       ; altera_work  ;
;       |CL49|               ; 204.4 (204.4)        ; 239.5 (239.5)                    ; 35.1 (35.1)                                       ; 0.0 (0.0)                        ; 0.0 (0.0)            ; 374 (374)           ; 421 (421)                 ; 0 (0)         ; 0                 ; 0     ; 20         ; 0    ; 0 (0)  ; CL64|CL49           ; ConvLayer1       ; altera_work  ;
;       |CL50|               ; 200.3 (200.3)        ; 236.0 (236.0)                    ; 35.7 (35.7)                                       ; 0.0 (0.0)                        ; 0.0 (0.0)            ; 374 (374)           ; 399 (399)                 ; 0 (0)         ; 0                 ; 0     ; 20         ; 0    ; 0 (0)  ; CL64|CL50           ; ConvLayer1       ; altera_work  ;
;       |CL51|               ; 202.2 (202.2)        ; 240.5 (240.5)                    ; 38.3 (38.3)                                       ; 0.0 (0.0)                        ; 0.0 (0.0)            ; 374 (374)           ; 419 (419)                 ; 0 (0)         ; 0                 ; 0     ; 20         ; 0    ; 0 (0)  ; CL64|CL51           ; ConvLayer1       ; altera_work  ;
;       |CL53|               ; 200.4 (200.4)        ; 229.5 (229.5)                    ; 29.1 (29.1)                                       ; 0.0 (0.0)                        ; 0.0 (0.0)            ; 374 (374)           ; 399 (399)                 ; 0 (0)         ; 0                 ; 0     ; 20         ; 0    ; 0 (0)  ; CL64|CL53           ; ConvLayer1       ; altera_work  ;
;       |CL54|               ; 203.2 (203.2)        ; 240.0 (240.0)                    ; 36.8 (36.8)                                       ; 0.0 (0.0)                        ; 0.0 (0.0)            ; 374 (374)           ; 421 (421)                 ; 0 (0)         ; 0                 ; 0     ; 20         ; 0    ; 0 (0)  ; CL64|CL54           ; ConvLayer1       ; altera_work  ;
;       |CL55|               ; 200.3 (200.3)        ; 239.5 (239.5)                    ; 39.2 (39.2)                                       ; 0.0 (0.0)                        ; 0.0 (0.0)            ; 374 (374)           ; 419 (419)                 ; 0 (0)         ; 0                 ; 0     ; 20         ; 0    ; 0 (0)  ; CL64|CL55           ; ConvLayer1       ; altera_work  ;
;       |CL57|               ; 203.9 (203.9)        ; 240.5 (240.5)                    ; 36.6 (36.6)                                       ; 0.0 (0.0)                        ; 0.0 (0.0)            ; 374 (374)           ; 421 (421)                 ; 0 (0)         ; 0                 ; 0     ; 20         ; 0    ; 0 (0)  ; CL64|CL57           ; ConvLayer1       ; altera_work  ;
;       |CL58|               ; 197.7 (197.7)        ; 234.0 (234.0)                    ; 36.3 (36.3)                                       ; 0.0 (0.0)                        ; 0.0 (0.0)            ; 374 (374)           ; 399 (399)                 ; 0 (0)         ; 0                 ; 0     ; 20         ; 0    ; 0 (0)  ; CL64|CL58           ; ConvLayer1       ; altera_work  ;
;       |CL59|               ; 209.5 (209.5)        ; 249.0 (249.0)                    ; 39.5 (39.5)                                       ; 0.0 (0.0)                        ; 0.0 (0.0)            ; 374 (374)           ; 435 (435)                 ; 0 (0)         ; 0                 ; 0     ; 20         ; 0    ; 0 (0)  ; CL64|CL59           ; ConvLayer1       ; altera_work  ;
;       |CL61|               ; 201.4 (201.4)        ; 244.5 (244.5)                    ; 43.1 (43.1)                                       ; 0.0 (0.0)                        ; 0.0 (0.0)            ; 374 (374)           ; 419 (419)                 ; 0 (0)         ; 0                 ; 0     ; 20         ; 0    ; 0 (0)  ; CL64|CL61           ; ConvLayer1       ; altera_work  ;
;       |CL62|               ; 205.7 (205.7)        ; 239.0 (239.0)                    ; 33.3 (33.3)                                       ; 0.0 (0.0)                        ; 0.0 (0.0)            ; 374 (374)           ; 419 (419)                 ; 0 (0)         ; 0                 ; 0     ; 20         ; 0    ; 0 (0)  ; CL64|CL62           ; ConvLayer1       ; altera_work  ;
;       |CL63|               ; 204.3 (204.3)        ; 242.5 (242.5)                    ; 38.2 (38.2)                                       ; 0.0 (0.0)                        ; 0.0 (0.0)            ; 374 (374)           ; 419 (419)                 ; 0 (0)         ; 0                 ; 0     ; 20         ; 0    ; 0 (0)  ; CL64|CL63           ; ConvLayer1       ; altera_work  ;
;       |CL65|               ; 197.9 (197.9)        ; 235.0 (235.0)                    ; 37.1 (37.1)                                       ; 0.0 (0.0)                        ; 0.0 (0.0)            ; 374 (374)           ; 399 (399)                 ; 0 (0)         ; 0                 ; 0     ; 20         ; 0    ; 0 (0)  ; CL64|CL65           ; ConvLayer1       ; altera_work  ;
;       |CL66|               ; 205.4 (205.4)        ; 241.0 (241.0)                    ; 35.6 (35.6)                                       ; 0.0 (0.0)                        ; 0.0 (0.0)            ; 374 (374)           ; 421 (421)                 ; 0 (0)         ; 0                 ; 0     ; 20         ; 0    ; 0 (0)  ; CL64|CL66           ; ConvLayer1       ; altera_work  ;
;       |CL67|               ; 204.1 (204.1)        ; 238.7 (238.7)                    ; 34.7 (34.7)                                       ; 0.0 (0.0)                        ; 0.0 (0.0)            ; 374 (374)           ; 420 (420)                 ; 0 (0)         ; 0                 ; 0     ; 20         ; 0    ; 0 (0)  ; CL64|CL67           ; ConvLayer1       ; altera_work  ;
;       |CL68|               ; 198.9 (198.9)        ; 231.0 (231.0)                    ; 32.1 (32.1)                                       ; 0.0 (0.0)                        ; 0.0 (0.0)            ; 374 (374)           ; 399 (399)                 ; 0 (0)         ; 0                 ; 0     ; 20         ; 0    ; 0 (0)  ; CL64|CL68           ; ConvLayer1       ; altera_work  ;
;       |CL69|               ; 205.1 (205.1)        ; 237.5 (237.5)                    ; 32.4 (32.4)                                       ; 0.0 (0.0)                        ; 0.0 (0.0)            ; 374 (374)           ; 421 (421)                 ; 0 (0)         ; 0                 ; 0     ; 20         ; 0    ; 0 (0)  ; CL64|CL69           ; ConvLayer1       ; altera_work  ;
;       |CL70|               ; 200.2 (200.2)        ; 241.0 (241.0)                    ; 40.8 (40.8)                                       ; 0.0 (0.0)                        ; 0.0 (0.0)            ; 374 (374)           ; 399 (399)                 ; 0 (0)         ; 0                 ; 0     ; 20         ; 0    ; 0 (0)  ; CL64|CL70           ; ConvLayer1       ; altera_work  ;
;       |CL71|               ; 204.8 (204.8)        ; 237.2 (237.2)                    ; 32.5 (32.5)                                       ; 0.0 (0.0)                        ; 0.0 (0.0)            ; 374 (374)           ; 420 (420)                 ; 0 (0)         ; 0                 ; 0     ; 20         ; 0    ; 0 (0)  ; CL64|CL71           ; ConvLayer1       ; altera_work  ;
;       |CL72|               ; 198.2 (198.2)        ; 234.5 (234.5)                    ; 36.3 (36.3)                                       ; 0.0 (0.0)                        ; 0.0 (0.0)            ; 374 (374)           ; 399 (399)                 ; 0 (0)         ; 0                 ; 0     ; 20         ; 0    ; 0 (0)  ; CL64|CL72           ; ConvLayer1       ; altera_work  ;
;       |CL73|               ; 205.7 (205.7)        ; 240.5 (240.5)                    ; 34.8 (34.8)                                       ; 0.0 (0.0)                        ; 0.0 (0.0)            ; 374 (374)           ; 421 (421)                 ; 0 (0)         ; 0                 ; 0     ; 20         ; 0    ; 0 (0)  ; CL64|CL73           ; ConvLayer1       ; altera_work  ;
;       |CL74|               ; 197.7 (197.7)        ; 233.0 (233.0)                    ; 35.3 (35.3)                                       ; 0.0 (0.0)                        ; 0.0 (0.0)            ; 374 (374)           ; 399 (399)                 ; 0 (0)         ; 0                 ; 0     ; 20         ; 0    ; 0 (0)  ; CL64|CL74           ; ConvLayer1       ; altera_work  ;
;       |CL75|               ; 221.6 (221.6)        ; 265.2 (265.2)                    ; 43.7 (43.7)                                       ; 0.0 (0.0)                        ; 0.0 (0.0)            ; 374 (374)           ; 474 (474)                 ; 0 (0)         ; 0                 ; 0     ; 20         ; 0    ; 0 (0)  ; CL64|CL75           ; ConvLayer1       ; altera_work  ;
;       |CL76|               ; 200.0 (200.0)        ; 235.0 (235.0)                    ; 35.0 (35.0)                                       ; 0.0 (0.0)                        ; 0.0 (0.0)            ; 374 (374)           ; 399 (399)                 ; 0 (0)         ; 0                 ; 0     ; 20         ; 0    ; 0 (0)  ; CL64|CL76           ; ConvLayer1       ; altera_work  ;
;       |CL77|               ; 204.8 (204.8)        ; 238.0 (238.0)                    ; 33.2 (33.2)                                       ; 0.0 (0.0)                        ; 0.0 (0.0)            ; 374 (374)           ; 421 (421)                 ; 0 (0)         ; 0                 ; 0     ; 20         ; 0    ; 0 (0)  ; CL64|CL77           ; ConvLayer1       ; altera_work  ;
;       |CL78|               ; 199.4 (199.4)        ; 235.5 (235.5)                    ; 36.1 (36.1)                                       ; 0.0 (0.0)                        ; 0.0 (0.0)            ; 374 (374)           ; 399 (399)                 ; 0 (0)         ; 0                 ; 0     ; 20         ; 0    ; 0 (0)  ; CL64|CL78           ; ConvLayer1       ; altera_work  ;
;       |CL79|               ; 203.0 (203.0)        ; 239.7 (239.7)                    ; 36.7 (36.7)                                       ; 0.0 (0.0)                        ; 0.0 (0.0)            ; 374 (374)           ; 420 (420)                 ; 0 (0)         ; 0                 ; 0     ; 20         ; 0    ; 0 (0)  ; CL64|CL79           ; ConvLayer1       ; altera_work  ;
;       |CL80|               ; 205.0 (205.0)        ; 246.0 (246.0)                    ; 41.0 (41.0)                                       ; 0.0 (0.0)                        ; 0.0 (0.0)            ; 374 (374)           ; 415 (415)                 ; 0 (0)         ; 0                 ; 0     ; 20         ; 0    ; 0 (0)  ; CL64|CL80           ; ConvLayer1       ; altera_work  ;
;       |CL81|               ; 202.8 (202.8)        ; 244.5 (244.5)                    ; 41.7 (41.7)                                       ; 0.0 (0.0)                        ; 0.0 (0.0)            ; 374 (374)           ; 419 (419)                 ; 0 (0)         ; 0                 ; 0     ; 20         ; 0    ; 0 (0)  ; CL64|CL81           ; ConvLayer1       ; altera_work  ;
;       |CL82|               ; 203.5 (203.5)        ; 242.0 (242.0)                    ; 38.5 (38.5)                                       ; 0.0 (0.0)                        ; 0.0 (0.0)            ; 374 (374)           ; 419 (419)                 ; 0 (0)         ; 0                 ; 0     ; 20         ; 0    ; 0 (0)  ; CL64|CL82           ; ConvLayer1       ; altera_work  ;
;       |CL83|               ; 204.9 (204.9)        ; 240.2 (240.2)                    ; 35.3 (35.3)                                       ; 0.0 (0.0)                        ; 0.0 (0.0)            ; 374 (374)           ; 419 (419)                 ; 0 (0)         ; 0                 ; 0     ; 20         ; 0    ; 0 (0)  ; CL64|CL83           ; ConvLayer1       ; altera_work  ;
;       |CL84|               ; 203.0 (203.0)        ; 240.2 (240.2)                    ; 37.3 (37.3)                                       ; 0.0 (0.0)                        ; 0.0 (0.0)            ; 374 (374)           ; 419 (419)                 ; 0 (0)         ; 0                 ; 0     ; 20         ; 0    ; 0 (0)  ; CL64|CL84           ; ConvLayer1       ; altera_work  ;
;       |CL85|               ; 226.8 (226.8)        ; 295.5 (295.5)                    ; 68.7 (68.7)                                       ; 0.0 (0.0)                        ; 0.0 (0.0)            ; 374 (374)           ; 493 (493)                 ; 0 (0)         ; 0                 ; 0     ; 20         ; 0    ; 0 (0)  ; CL64|CL85           ; ConvLayer1       ; altera_work  ;
;       |CL86|               ; 199.0 (199.0)        ; 232.0 (232.0)                    ; 33.0 (33.0)                                       ; 0.0 (0.0)                        ; 0.0 (0.0)            ; 374 (374)           ; 399 (399)                 ; 0 (0)         ; 0                 ; 0     ; 20         ; 0    ; 0 (0)  ; CL64|CL86           ; ConvLayer1       ; altera_work  ;
;       |CL87|               ; 195.4 (195.4)        ; 236.0 (236.0)                    ; 40.6 (40.6)                                       ; 0.0 (0.0)                        ; 0.0 (0.0)            ; 374 (374)           ; 399 (399)                 ; 0 (0)         ; 0                 ; 0     ; 20         ; 0    ; 0 (0)  ; CL64|CL87           ; ConvLayer1       ; altera_work  ;
;       |CL88|               ; 204.2 (204.2)        ; 240.2 (240.2)                    ; 36.1 (36.1)                                       ; 0.0 (0.0)                        ; 0.0 (0.0)            ; 374 (374)           ; 420 (420)                 ; 0 (0)         ; 0                 ; 0     ; 20         ; 0    ; 0 (0)  ; CL64|CL88           ; ConvLayer1       ; altera_work  ;
;       |CL89|               ; 206.2 (206.2)        ; 235.0 (235.0)                    ; 28.8 (28.8)                                       ; 0.0 (0.0)                        ; 0.0 (0.0)            ; 374 (374)           ; 421 (421)                 ; 0 (0)         ; 0                 ; 0     ; 20         ; 0    ; 0 (0)  ; CL64|CL89           ; ConvLayer1       ; altera_work  ;
;       |CL90|               ; 203.1 (203.1)        ; 233.5 (233.5)                    ; 30.4 (30.4)                                       ; 0.0 (0.0)                        ; 0.0 (0.0)            ; 374 (374)           ; 418 (418)                 ; 0 (0)         ; 0                 ; 0     ; 20         ; 0    ; 0 (0)  ; CL64|CL90           ; ConvLayer1       ; altera_work  ;
;       |CL91|               ; 201.4 (201.4)        ; 237.2 (237.2)                    ; 35.8 (35.8)                                       ; 0.0 (0.0)                        ; 0.0 (0.0)            ; 374 (374)           ; 420 (420)                 ; 0 (0)         ; 0                 ; 0     ; 20         ; 0    ; 0 (0)  ; CL64|CL91           ; ConvLayer1       ; altera_work  ;
;       |CL92|               ; 201.0 (201.0)        ; 232.0 (232.0)                    ; 31.0 (31.0)                                       ; 0.0 (0.0)                        ; 0.0 (0.0)            ; 374 (374)           ; 399 (399)                 ; 0 (0)         ; 0                 ; 0     ; 20         ; 0    ; 0 (0)  ; CL64|CL92           ; ConvLayer1       ; altera_work  ;
;       |CL93|               ; 203.4 (203.4)        ; 240.0 (240.0)                    ; 36.6 (36.6)                                       ; 0.0 (0.0)                        ; 0.0 (0.0)            ; 374 (374)           ; 419 (419)                 ; 0 (0)         ; 0                 ; 0     ; 20         ; 0    ; 0 (0)  ; CL64|CL93           ; ConvLayer1       ; altera_work  ;
;       |CL94|               ; 202.4 (202.4)        ; 241.5 (241.5)                    ; 39.1 (39.1)                                       ; 0.0 (0.0)                        ; 0.0 (0.0)            ; 374 (374)           ; 419 (419)                 ; 0 (0)         ; 0                 ; 0     ; 20         ; 0    ; 0 (0)  ; CL64|CL94           ; ConvLayer1       ; altera_work  ;
;       |CL95|               ; 202.3 (202.3)        ; 243.3 (243.3)                    ; 41.0 (41.0)                                       ; 0.0 (0.0)                        ; 0.0 (0.0)            ; 374 (374)           ; 419 (419)                 ; 0 (0)         ; 0                 ; 0     ; 20         ; 0    ; 0 (0)  ; CL64|CL95           ; ConvLayer1       ; altera_work  ;
;       |CL96|               ; 201.3 (201.3)        ; 243.0 (243.0)                    ; 41.7 (41.7)                                       ; 0.0 (0.0)                        ; 0.0 (0.0)            ; 374 (374)           ; 419 (419)                 ; 0 (0)         ; 0                 ; 0     ; 20         ; 0    ; 0 (0)  ; CL64|CL96           ; ConvLayer1       ; altera_work  ;
;       |CL97|               ; 203.4 (203.4)        ; 237.7 (237.7)                    ; 34.3 (34.3)                                       ; 0.0 (0.0)                        ; 0.0 (0.0)            ; 374 (374)           ; 419 (419)                 ; 0 (0)         ; 0                 ; 0     ; 20         ; 0    ; 0 (0)  ; CL64|CL97           ; ConvLayer1       ; altera_work  ;
;       |CL98|               ; 204.6 (204.6)        ; 237.1 (237.1)                    ; 32.5 (32.5)                                       ; 0.0 (0.0)                        ; 0.0 (0.0)            ; 374 (374)           ; 419 (419)                 ; 0 (0)         ; 0                 ; 0     ; 20         ; 0    ; 0 (0)  ; CL64|CL98           ; ConvLayer1       ; altera_work  ;
;       |CL99|               ; 199.5 (199.5)        ; 240.8 (240.8)                    ; 41.4 (41.4)                                       ; 0.0 (0.0)                        ; 0.0 (0.0)            ; 374 (374)           ; 419 (419)                 ; 0 (0)         ; 0                 ; 0     ; 20         ; 0    ; 0 (0)  ; CL64|CL99           ; ConvLayer1       ; altera_work  ;
+----------------------------+----------------------+----------------------------------+---------------------------------------------------+----------------------------------+----------------------+---------------------+---------------------------+---------------+-------------------+-------+------------+------+--------+---------------------+------------------+--------------+
Note: For table entries with two numbers listed, the numbers in parentheses indicate the number of resources of the given type used by the specific entity alone. The numbers listed outside of parentheses indicate the total resources of the given type used by the specific entity and all of its sub-entities in the hierarchy.


+-------------------------------------------------------------------+
; Global & Other Fast Signals Summary                               ;
+------+-----------------------+---------+--------------------------+
; Name ; Location              ; Fan-Out ; Clock Region             ;
+------+-----------------------+---------+--------------------------+
; clk  ; LABCELL_X122_Y144_N12 ; 49080   ; Sectors (0, 0) to (8, 5) ;
+------+-----------------------+---------+--------------------------+


+-----------------------------------------------------------------------------------------+
; Global & Other Fast Signals Details                                                     ;
+----------------------------------------------------+------------------------------------+
; Property                                           ; Value                              ;
+----------------------------------------------------+------------------------------------+
; Name                                               ; clk                                ;
;     -- SDC Name                                    ; clk                                ;
;     -- Source Type                                 ; Combinational cell                 ;
;     -- Source Location                             ; LABCELL_X122_Y144_N12              ;
;     -- Fan-Out                                     ; 49080                              ;
;     -- Promotion Reason                            ; Promoted automatically by compiler ;
;     -- Clock Region                                ; Sectors (0, 0) to (8, 5)           ;
;     -- Clock Region Size (in Sectors)              ; 9 x 6 (54 total)                   ;
;     -- Spine Index used in each Sector             ; 3                                  ;
;     -- Path Length from Clock Source to Clock Tree ; 2 clock sector wire(s)             ;
;     -- Clock Tree Depth                            ; 6.5 clock sector wire(s)           ;
+----------------------------------------------------+------------------------------------+
To visualize how these signals are routed, use the Chip Planner task "Report Clock Details".
To manually specify the size and placement of these signals, use the Assignment Editor to make Clock Region assignments.


+---------------------------------------------+
; Fitter DSP Block Usage Summary              ;
+-------------------------------+-------------+
; Statistic                     ; Number Used ;
+-------------------------------+-------------+
; Two Independent 18x18         ; 1456        ;
; Sum of two 18x18              ; 784         ;
; Total number of DSP blocks    ; 2240        ;
;                               ;             ;
; Fixed Point Signed Multiplier ; 3024        ;
+-------------------------------+-------------+


+----------------+
; Place Messages ;
+----------------+
Info: *******************************************************************
Info: Running Quartus Prime Fitter
    Info: Version 17.1.0 Build 240 10/25/2017 SJ Pro Edition
    Info: Processing started: Wed May 22 10:14:13 2019
Info: Command: quartus_fit --read_settings_files=off --write_settings_files=off Entropy_encoding -c Entropy_encoding
Info: qfit2_default_script.tcl version: #1
Info: Project  = Entropy_encoding
Info: Revision = Entropy_encoding
Info (16677): Loading planned database
Info (16734): Loading "planned" snapshot for partition "root_partition".
Info (16678): Successfully loaded planned database: elapsed time is 00:00:15
Info (20030): Parallel compilation is enabled and will use 6 of the 6 processors detected
Info (21077): Low junction temperature is -40 degrees C
Info (21077): High junction temperature is 100 degrees C
Info (171003): Fitter is performing an Auto Fit compilation, which may decrease Fitter effort to reduce compilation time
Info (19539): Reading the HDL-embedded SDC files elapsed 00:00:00.
Info (332104): Reading SDC File: 'Entropy_encoding.sdc'
Info (19449): Reading SDC files elapsed 00:00:00.
Info (332143): No user constrained clock uncertainty found in the design. Calling "derive_clock_uncertainty"
Warning (332158): Clock uncertainty characteristics of the Stratix 10 device family are preliminary
Info (332154): The derive_clock_uncertainty command did not apply clock uncertainty to any clock-to-clock transfers.
Info (332129): Detected timing requirements -- optimizing circuit to achieve only the specified requirements
Info (332111): Found 1 clocks
    Info (332111):   Period   Clock Name
    Info (332111): ======== ============
    Info (332111):    6.250          clk
Info (18252): The Fitter is using Physical Synthesis.
Info (170189): Fitter placement preparation operations beginning
Info (14951): The Fitter is using Advanced Physical Optimization.
Info (170190): Fitter placement preparation operations ending: elapsed time is 00:01:26
Info (11888): Total time spent on timing analysis during Global Placement is 18.18 seconds.
Info (18258): Fitter Physical Synthesis operations beginning
Info (18259): Fitter Physical Synthesis operations ending: elapsed time is 00:00:11
Info (11178): Promoted 1 clock 
    Info (18386): clk (49080 fanout) drives clock sectors (0, 0) to (8, 5)
Info (11888): Total time spent on timing analysis during Physical Synthesis is 0.00 seconds.
Info (170189): Fitter placement preparation operations beginning
Info (14951): The Fitter is using Advanced Physical Optimization.
Info (170190): Fitter placement preparation operations ending: elapsed time is 00:00:59
Info (170191): Fitter placement operations beginning
Info (170137): Fitter placement was successful
Info (170192): Fitter placement operations ending: elapsed time is 00:01:03
Info (11888): Total time spent on timing analysis during Placement is 59.00 seconds.


