Assembler report for Entropy_encoding
Wed May 22 11:16:18 2019
Quartus Prime Version 17.1.0 Build 240 10/25/2017 SJ Pro Edition


---------------------
; Table of Contents ;
---------------------
  1. Legal Notice
  2. Assembler Summary
  3. Assembler Settings
  4. Assembler Messages
  5. Assembler Generated Files
  6. Assembler Device Options: Entropy_encoding.sof



----------------
; Legal Notice ;
----------------
Copyright (C) 2017  Intel Corporation. All rights reserved.
Your use of Intel Corporation's design tools, logic functions 
and other software and tools, and its AMPP partner logic 
functions, and any output files from any of the foregoing 
(including device programming or simulation files), and any 
associated documentation or information are expressly subject 
to the terms and conditions of the Intel Program License 
Subscription Agreement, the Intel Quartus Prime License Agreement,
the Intel FPGA IP License Agreement, or other applicable license
agreement, including, without limitation, that your use is for
the sole purpose of programming logic devices manufactured by
Intel and sold by Intel or its authorized distributors.  Please
refer to the applicable agreement for further details.



+---------------------------------------------------------------+
; Assembler Summary                                             ;
+-----------------------+---------------------------------------+
; Assembler Status      ; Successful - Wed May 22 11:16:18 2019 ;
; Revision Name         ; Entropy_encoding                      ;
; Top-level Entity Name ; Entropy_encoding                      ;
; Family                ; Stratix 10                            ;
; Device                ; 1SX280LU3F50I2VG                      ;
+-----------------------+---------------------------------------+


+-----------------------------------------------------------------------------------------------------------------+
; Assembler Settings                                                                                              ;
+-----------------------------------------------------------------------------+-----------------+-----------------+
; Option                                                                      ; Setting         ; Default Value   ;
+-----------------------------------------------------------------------------+-----------------+-----------------+
; Enable parallel Assembler and TimeQuest Timing Analyzer during compilation  ; On              ; On              ;
; Enable compact report table                                                 ; Off             ; Off             ;
; Generate compressed bitstreams                                              ; On              ; On              ;
; Compression mode                                                            ; Off             ; Off             ;
; Clock source for configuration device                                       ; Internal        ; Internal        ;
; Clock frequency of the configuration device                                 ; 10 MHZ          ; 10 MHz          ;
; Divide clock frequency by                                                   ; 1               ; 1               ;
; Auto user code                                                              ; On              ; On              ;
; Configuration device                                                        ; Auto            ; Auto            ;
; Never expose to user                                                        ; 1               ; 1               ;
; Voltage stable delay                                                        ; 10              ; 10              ;
; FPGA release delay                                                          ; 10              ; 10              ;
; Initial delay                                                               ; 0               ; 0               ;
; Bus speed mode                                                              ; 100 KHz         ; 100 KHz         ;
; Slave device type                                                           ; LTM4677         ; LTM4677         ;
; Device address in PMBus Slave mode                                          ; 00              ; 00              ;
; PMBus device 0 slave address                                                ; 00              ; 00              ;
; PMBus device 1 slave address                                                ; 00              ; 00              ;
; PMBus device 2 slave address                                                ; 00              ; 00              ;
; PMBus device 3 slave address                                                ; 00              ; 00              ;
; PMBus device 4 slave address                                                ; 00              ; 00              ;
; PMBus device 5 slave address                                                ; 00              ; 00              ;
; PMBus device 6 slave address                                                ; 00              ; 00              ;
; PMBus device 7 slave address                                                ; 00              ; 00              ;
; Voltage output format                                                       ; Auto discovery  ; Auto discovery  ;
; Direct format coefficient m                                                 ; 0               ; 0               ;
; Direct format coefficient b                                                 ; 0               ; 0               ;
; Direct format coefficient R                                                 ; 0               ; 0               ;
; Linear format N                                                             ; 0               ; 0               ;
; Translated voltage value unit                                               ; Volts           ; Volts           ;
; obsolete - Data setup time in nanoseconds                                   ; 0               ; 0               ;
; obsolete - Data hold time in nanoseconds                                    ; 0               ; 0               ;
; obsolete - Clock/data fall time in nanoseconds                              ; 0               ; 0               ;
; obsolete - Clock/data rise time in nanoseconds                              ; 0               ; 0               ;
; Enable PAGE command                                                         ; Off             ; Off             ;
; VOUT reading error margin index                                             ; 0               ; 0               ;
; Configuration device auto user code                                         ; Off             ; Off             ;
; Generate Tabular Text File (.ttf) For Target Device                         ; Off             ; Off             ;
; Generate Raw Binary File (.rbf) For Target Device                           ; Off             ; Off             ;
; Generate Partial Reconfiguration Raw Binary File (.rbf)                     ; On              ; On              ;
; Generate Hexadecimal (Intel-Format) Output File (.hexout) for Target Device ; Off             ; Off             ;
; Hexadecimal Output File start address                                       ; 0               ; 0               ;
; Hexadecimal Output File count direction                                     ; Up              ; Up              ;
; Use Checkered Pattern as Uninitialized RAM Content                          ; Off             ; Off             ;
; HPS/FPGA configuration order                                                ; After INIT_DONE ; After INIT_DONE ;
; HPS debug access port (DAP)                                                 ; Disabled        ; Disabled        ;
; Generate Serial Vector Format File (.svf) for Target Device                 ; Off             ; Off             ;
; Generate a JEDEC STAPL Format File (.jam) for Target Device                 ; Off             ; Off             ;
; Generate a compressed Jam STAPL Byte Code 2.0 File (.jbc) for Target Device ; Off             ; Off             ;
; Generate a compressed Jam STAPL Byte Code 2.0 File (.jbc) for Target Device ; On              ; On              ;
+-----------------------------------------------------------------------------+-----------------+-----------------+


+--------------------+
; Assembler Messages ;
+--------------------+
Info: *******************************************************************
Info: Running Quartus Prime Assembler
    Info: Version 17.1.0 Build 240 10/25/2017 SJ Pro Edition
    Info: Processing started: Wed May 22 11:13:49 2019
Info: Command: quartus_asm --read_settings_files=off --write_settings_files=off Entropy_encoding -c Entropy_encoding
Info (16677): Loading final database
Info (16734): Loading "final" snapshot for partition "root_partition".
Info (16678): Successfully loaded final database: elapsed time is 00:00:26
Critical Warning (19238): Incomplete power management settings for a VID device. As a result, the tool may not generate device bitstream.
    Critical Warning (19239): Missing required setting "SDM PWRMGT SCL output"
    Critical Warning (19239): Missing required setting "SDM PWRMGT SDA output"
    Critical Warning (19239): Missing required setting "PMBus device 0 slave address"
Info: Quartus Prime Assembler was successful. 0 errors, 4 warnings
    Info: Peak virtual memory: 10137 megabytes
    Info: Processing ended: Wed May 22 11:16:21 2019
    Info: Elapsed time: 00:02:32
    Info: Total CPU time (on all processors): 00:02:38


+------------------------------------------------------------------------------------------+
; Assembler Generated Files                                                                ;
+------------------------------------------------------------------------------------------+
; File Name                                                                                ;
+------------------------------------------------------------------------------------------+
; /run/media/yyevgeny/HDD/projects/Entropy_encoding1_128/output_files/Entropy_encoding.sof ;
+------------------------------------------------------------------------------------------+


+------------------------------------------------+
; Assembler Device Options: Entropy_encoding.sof ;
+----------------+-------------------------------+
; Option         ; Setting                       ;
+----------------+-------------------------------+
; JTAG usercode  ; 0xFFFFFFFF                    ;
; Checksum       ; 0x562104D3                    ;
+----------------+-------------------------------+


